<?xml version="1.0" encoding="UTF-8"?>
<!-- Generated by org.testng.reporters.JUnitReportReporter -->
<testsuite hostname="Dharshan_jm" failures="0" tests="3" name="project_demo.DemoTest" time="0.014" errors="0" timestamp="2024-08-27T15:05:13 IST" skipped="0">
  <testcase classname="project_demo.DemoTest" name="demo1Test" time="0.009"/>
  <testcase classname="project_demo.DemoTest" name="demo2Test" time="0.002"/>
  <testcase classname="project_demo.DemoTest" name="demo3Test" time="0.003"/>
</testsuite> <!-- project_demo.DemoTest -->
