<?xml version="1.0" encoding="UTF-8"?>
<!-- Generated by org.testng.reporters.JUnitReportReporter -->
<testsuite hostname="Dharshan_jm" failures="0" tests="1" name="project_demo.Demo1Test" time="0.006" errors="0" timestamp="2024-08-27T18:11:22 IST" skipped="0">
  <testcase classname="project_demo.Demo1Test" name="demo1Test" time="0.006"/>
</testsuite> <!-- project_demo.Demo1Test -->
